# JRE version: OpenJDK Runtime Environment (12.0+33) (build 12+33)
# Java VM: OpenJDK 64-Bit Server VM (12+33, mixed mode, sharing, tiered, compressed oops, g1 gc, windows-amd64)
Heap:
 garbage-first heap   total 227328K, used 133443K [0x0000000081a00000, 0x0000000100000000)
  region size 1024K, 4 young (4096K), 3 survivors (3072K)
 Metaspace       used 18410K, capacity 19199K, committed 19328K, reserved 1064960K
  class space    used 2554K, capacity 2905K, committed 2944K, reserved 1048576K
GC Heap History (10 events):
Event: 4.244 GC heap before
{Heap before GC invocations=1 (full 0):
 garbage-first heap   total 131072K, used 82995K [0x0000000081a00000, 0x0000000100000000)
  region size 1024K, 31 young (31744K), 3 survivors (3072K)
 Metaspace       used 13562K, capacity 14324K, committed 14464K, reserved 1060864K
  class space    used 1838K, capacity 2090K, committed 2176K, reserved 1048576K
}
Event: 4.253 GC heap after
{Heap after GC invocations=2 (full 0):
 garbage-first heap   total 131072K, used 59424K [0x0000000081a00000, 0x0000000100000000)
  region size 1024K, 7 young (7168K), 7 survivors (7168K)
 Metaspace       used 13562K, capacity 14324K, committed 14464K, reserved 1060864K
  class space    used 1838K, capacity 2090K, committed 2176K, reserved 1048576K
}
Event: 4.334 GC heap before
{Heap before GC invocations=3 (full 0):
 garbage-first heap   total 132096K, used 78880K [0x0000000081a00000, 0x0000000100000000)
  region size 1024K, 10 young (10240K), 7 survivors (7168K)
 Metaspace       used 14093K, capacity 14781K, committed 15104K, reserved 1062912K
  class space    used 1938K, capacity 2180K, committed 2304K, reserved 1048576K
}
Event: 4.342 GC heap after
{Heap after GC invocations=4 (full 0):
 garbage-first heap   total 132096K, used 78045K [0x0000000081a00000, 0x0000000100000000)
  region size 1024K, 1 young (1024K), 1 survivors (1024K)
 Metaspace       used 14093K, capacity 14781K, committed 15104K, reserved 1062912K
  class space    used 1938K, capacity 2180K, committed 2304K, reserved 1048576K
}
Event: 4.407 GC heap before
{Heap before GC invocations=5 (full 0):
 garbage-first heap   total 162816K, used 95453K [0x0000000081a00000, 0x0000000100000000)
  region size 1024K, 2 young (2048K), 1 survivors (1024K)
 Metaspace       used 14156K, capacity 14797K, committed 15104K, reserved 1062912K
  class space    used 1940K, capacity 2183K, committed 2304K, reserved 1048576K
}
Event: 4.408 GC heap after
{Heap after GC invocations=6 (full 0):
 garbage-first heap   total 162816K, used 94965K [0x0000000081a00000, 0x0000000100000000)
  region size 1024K, 1 young (1024K), 1 survivors (1024K)
 Metaspace       used 14156K, capacity 14797K, committed 15104K, reserved 1062912K
  class space    used 1940K, capacity 2183K, committed 2304K, reserved 1048576K
}
Event: 4.749 GC heap before
{Heap before GC invocations=7 (full 0):
 garbage-first heap   total 191488K, used 116469K [0x0000000081a00000, 0x0000000100000000)
  region size 1024K, 6 young (6144K), 1 survivors (1024K)
 Metaspace       used 15116K, capacity 15786K, committed 16000K, reserved 1062912K
  class space    used 2047K, capacity 2341K, committed 2432K, reserved 1048576K
}
Event: 4.752 GC heap after
{Heap after GC invocations=8 (full 0):
 garbage-first heap   total 191488K, used 112743K [0x0000000081a00000, 0x0000000100000000)
  region size 1024K, 1 young (1024K), 1 survivors (1024K)
 Metaspace       used 15116K, capacity 15786K, committed 16000K, reserved 1062912K
  class space    used 2047K, capacity 2341K, committed 2432K, reserved 1048576K
}
Event: 18.113 GC heap before
{Heap before GC invocations=9 (full 0):
 garbage-first heap   total 194560K, used 127079K [0x0000000081a00000, 0x0000000100000000)
  region size 1024K, 14 young (14336K), 1 survivors (1024K)
 Metaspace       used 18409K, capacity 19199K, committed 19328K, reserved 1064960K
  class space    used 2554K, capacity 2905K, committed 2944K, reserved 1048576K
}
Event: 18.117 GC heap after
{Heap after GC invocations=10 (full 0):
 garbage-first heap   total 194560K, used 116035K [0x0000000081a00000, 0x0000000100000000)
  region size 1024K, 3 young (3072K), 3 survivors (3072K)
 Metaspace       used 18409K, capacity 19199K, committed 19328K, reserved 1064960K
  class space    used 2554K, capacity 2905K, committed 2944K, reserved 1048576K
}

